2019-10-24T21:26:58+00:00 CRITICAL Uncaught RuntimeException: Error saving action: Unable to save action. in /storage/ssd4/912/10901912/public_html/wp-content/plugins/woocommerce/includes/libraries/action-scheduler/classes/ActionScheduler_wpPostStore.php:33
Stack trace:
#0 /storage/ssd4/912/10901912/public_html/wp-content/plugins/woocommerce/includes/libraries/action-scheduler/classes/ActionScheduler_ActionFactory.php(109): ActionScheduler_wpPostStore->save_action(Object(ActionScheduler_Action))
#1 /storage/ssd4/912/10901912/public_html/wp-content/plugins/woocommerce/includes/libraries/action-scheduler/classes/ActionScheduler_ActionFactory.php(78): ActionScheduler_ActionFactory->store(Object(ActionScheduler_Action))
#2 /storage/ssd4/912/10901912/public_html/wp-content/plugins/woocommerce/includes/libraries/action-scheduler/functions.php(33): ActionScheduler_ActionFactory->recurring('wc_admin_unsnoo...', Array, 1571952418, 3600, 'wc-admin-notes')
#3 /storage/ssd4/912/10901912/public_html/wp-content/plugins/woocommerce/includes/queue/class-wc-ac en /storage/ssd4/912/10901912/public_html/wp-content/plugins/woocommerce/includes/libraries/action-scheduler/classes/ActionScheduler_wpPostStore.php en la línea 33

2019-10-24T21:26:58+00:00 CRITICAL Uncaught RuntimeException: Error saving action: Unable to save action. in /storage/ssd4/912/10901912/public_html/wp-content/plugins/woocommerce/includes/libraries/action-scheduler/classes/ActionScheduler_wpPostStore.php:33
Stack trace:
#0 /storage/ssd4/912/10901912/public_html/wp-content/plugins/woocommerce/includes/libraries/action-scheduler/classes/ActionScheduler_ActionFactory.php(109): ActionScheduler_wpPostStore->save_action(Object(ActionScheduler_Action))
#1 /storage/ssd4/912/10901912/public_html/wp-content/plugins/woocommerce/includes/libraries/action-scheduler/classes/ActionScheduler_ActionFactory.php(78): ActionScheduler_ActionFactory->store(Object(ActionScheduler_Action))
#2 /storage/ssd4/912/10901912/public_html/wp-content/plugins/woocommerce/includes/libraries/action-scheduler/functions.php(33): ActionScheduler_ActionFactory->recurring('wc_admin_unsnoo...', Array, 1571952418, 3600, 'wc-admin-notes')
#3 /storage/ssd4/912/10901912/public_html/wp-content/plugins/woocommerce/includes/queue/class-wc-ac en /storage/ssd4/912/10901912/public_html/wp-content/plugins/woocommerce/includes/libraries/action-scheduler/classes/ActionScheduler_wpPostStore.php en la línea 33

2019-10-24T21:26:59+00:00 CRITICAL Uncaught RuntimeException: Error saving action: Unable to save action. in /storage/ssd4/912/10901912/public_html/wp-content/plugins/woocommerce/includes/libraries/action-scheduler/classes/ActionScheduler_wpPostStore.php:33
Stack trace:
#0 /storage/ssd4/912/10901912/public_html/wp-content/plugins/woocommerce/includes/libraries/action-scheduler/classes/ActionScheduler_ActionFactory.php(109): ActionScheduler_wpPostStore->save_action(Object(ActionScheduler_Action))
#1 /storage/ssd4/912/10901912/public_html/wp-content/plugins/woocommerce/includes/libraries/action-scheduler/classes/ActionScheduler_ActionFactory.php(78): ActionScheduler_ActionFactory->store(Object(ActionScheduler_Action))
#2 /storage/ssd4/912/10901912/public_html/wp-content/plugins/woocommerce/includes/libraries/action-scheduler/functions.php(33): ActionScheduler_ActionFactory->recurring('wc_admin_unsnoo...', Array, 1571952419, 3600, 'wc-admin-notes')
#3 /storage/ssd4/912/10901912/public_html/wp-content/plugins/woocommerce/includes/queue/class-wc-ac en /storage/ssd4/912/10901912/public_html/wp-content/plugins/woocommerce/includes/libraries/action-scheduler/classes/ActionScheduler_wpPostStore.php en la línea 33

2019-10-24T21:26:59+00:00 CRITICAL Uncaught RuntimeException: Error saving action: Unable to save action. in /storage/ssd4/912/10901912/public_html/wp-content/plugins/woocommerce/includes/libraries/action-scheduler/classes/ActionScheduler_wpPostStore.php:33
Stack trace:
#0 /storage/ssd4/912/10901912/public_html/wp-content/plugins/woocommerce/includes/libraries/action-scheduler/classes/ActionScheduler_ActionFactory.php(109): ActionScheduler_wpPostStore->save_action(Object(ActionScheduler_Action))
#1 /storage/ssd4/912/10901912/public_html/wp-content/plugins/woocommerce/includes/libraries/action-scheduler/classes/ActionScheduler_ActionFactory.php(78): ActionScheduler_ActionFactory->store(Object(ActionScheduler_Action))
#2 /storage/ssd4/912/10901912/public_html/wp-content/plugins/woocommerce/includes/libraries/action-scheduler/functions.php(33): ActionScheduler_ActionFactory->recurring('wc_admin_unsnoo...', Array, 1571952419, 3600, 'wc-admin-notes')
#3 /storage/ssd4/912/10901912/public_html/wp-content/plugins/woocommerce/includes/queue/class-wc-ac en /storage/ssd4/912/10901912/public_html/wp-content/plugins/woocommerce/includes/libraries/action-scheduler/classes/ActionScheduler_wpPostStore.php en la línea 33

2019-10-24T22:26:39+00:00 CRITICAL Uncaught Error: Call to undefined function twentyseventeen_get_svg() in /storage/ssd4/912/10901912/public_html/wp-content/themes/twentyseventeen-child/index.php:52
Stack trace:
#0 /storage/ssd4/912/10901912/public_html/wp-includes/template-loader.php(78): include()
#1 /storage/ssd4/912/10901912/public_html/wp-blog-header.php(19): require_once('/storage/ssd4/9...')
#2 /storage/ssd4/912/10901912/public_html/index.php(17): require('/storage/ssd4/9...')
#3 {main}
  thrown en /storage/ssd4/912/10901912/public_html/wp-content/themes/twentyseventeen-child/index.php en la línea 52

2019-10-24T22:32:12+00:00 CRITICAL Uncaught Error: Call to undefined function twentyseventeen_get_svg() in /storage/ssd4/912/10901912/public_html/wp-content/themes/twentyseventeen-child/index.php:52
Stack trace:
#0 /storage/ssd4/912/10901912/public_html/wp-includes/template-loader.php(78): include()
#1 /storage/ssd4/912/10901912/public_html/wp-blog-header.php(19): require_once('/storage/ssd4/9...')
#2 /storage/ssd4/912/10901912/public_html/index.php(17): require('/storage/ssd4/9...')
#3 {main}
  thrown en /storage/ssd4/912/10901912/public_html/wp-content/themes/twentyseventeen-child/index.php en la línea 52

2019-10-24T22:35:33+00:00 CRITICAL Uncaught Error: Call to undefined function twentyseventeen_get_svg() in /storage/ssd4/912/10901912/public_html/wp-content/themes/twentyseventeen-child/index.php:52
Stack trace:
#0 /storage/ssd4/912/10901912/public_html/wp-includes/template-loader.php(78): include()
#1 /storage/ssd4/912/10901912/public_html/wp-blog-header.php(19): require_once('/storage/ssd4/9...')
#2 /storage/ssd4/912/10901912/public_html/index.php(17): require('/storage/ssd4/9...')
#3 {main}
  thrown en /storage/ssd4/912/10901912/public_html/wp-content/themes/twentyseventeen-child/index.php en la línea 52

